\BOOKMARK [0][-]{chapter.1}{\376\377\000I\000n\000t\000r\000o\000d\000u\000z\000i\000o\000n\000e}{}% 1
\BOOKMARK [0][-]{chapter.2}{\376\377\000R\000i\000c\000e\000r\000c\000a\000\040\000e\000t\000n\000o\000g\000r\000a\000f\000i\000c\000a}{}% 2
\BOOKMARK [1][-]{section*.2}{\376\377\000S\000e\000g\000m\000e\000n\000t\000a\000z\000i\000o\000n\000e\000\040\000u\000t\000e\000n\000t\000i}{chapter.2}% 3
\BOOKMARK [1][-]{section*.3}{\376\377\000U\000s\000e\000r\000\040\000r\000e\000s\000e\000a\000r\000c\000h}{chapter.2}% 4
\BOOKMARK [0][-]{chapter.3}{\376\377\000V\000a\000l\000u\000t\000a\000z\000i\000o\000n\000e\000\040\000d\000e\000l\000l\000e\000\040\000r\000i\000s\000o\000r\000s\000e\000\040\000e\000s\000i\000s\000t\000e\000n\000t\000i}{}% 5
\BOOKMARK [1][-]{section*.4}{\376\377\000E\000x\000p\000e\000r\000t\000\040\000U\000s\000a\000b\000i\000l\000i\000t\000y\000\040\000R\000e\000v\000i\000e\000w}{chapter.3}% 6
\BOOKMARK [1][-]{section*.8}{\376\377\000U\000s\000e\000r\000\040\000t\000e\000s\000t\000i\000n\000g}{chapter.3}% 7
\BOOKMARK [2][-]{section*.9}{\376\377\000P\000r\000o\000t\000o\000c\000o\000l\000l\000o\000\040\000d\000i\000\040\000t\000e\000s\000t\000i\000n\000g}{section*.8}% 8
\BOOKMARK [2][-]{section*.10}{\376\377\000R\000i\000s\000u\000l\000t\000a\000t\000i\000\040\000t\000e\000s\000t}{section*.8}% 9
\BOOKMARK [0][-]{chapter.4}{\376\377\000S\000t\000u\000d\000i\000o\000\040\000d\000i\000\040\000f\000a\000t\000t\000i\000b\000i\000l\000i\000t\000\340}{}% 10
\BOOKMARK [1][-]{section*.14}{\376\377\000C\000o\000n\000t\000e\000s\000t\000o\000\040\000d\000'\000u\000s\000o}{chapter.4}% 11
\BOOKMARK [2][-]{section*.15}{\376\377\000V\000i\000n\000c\000o\000l\000i\000\040\000a\000m\000b\000i\000e\000n\000t\000a\000l\000i}{section*.14}% 12
\BOOKMARK [2][-]{section*.16}{\376\377\000V\000i\000n\000c\000o\000l\000i\000\040\000t\000e\000c\000n\000i\000c\000i}{section*.14}% 13
\BOOKMARK [2][-]{section*.17}{\376\377\000V\000i\000n\000c\000o\000l\000i\000\040\000c\000u\000l\000t\000u\000r\000a\000l\000i}{section*.14}% 14
\BOOKMARK [1][-]{section*.18}{\376\377\000S\000c\000e\000n\000a\000r\000i\000o\000s}{chapter.4}% 15
\BOOKMARK [2][-]{section*.19}{\376\377\000S\000e\000v\000e\000r\000i\000n\000a\000\040\000M\000i\000l\000l\000a\000n\000t\000a\000\040\000-\000\040\000Q\000u\000a\000l\000c\000o\000s\000a\000\040\000d\000i\000\040\000u\000n\000i\000c\000o\000\040\000p\000e\000r\000\040\000l\000a\000\040\000b\000a\000m\000b\000i\000n\000a}{section*.18}% 16
\BOOKMARK [2][-]{section*.20}{\376\377\000A\000n\000t\000o\000n\000i\000o\000\040\000F\000r\000a\000s\000t\000a\000n\000i\000\040\000-\000\040\000U\000n\000a\000\040\000m\000a\000g\000l\000i\000e\000t\000t\000a\000\040\000d\000a\000\040\000c\000a\000m\000p\000i\000o\000n\000e}{section*.18}% 17
\BOOKMARK [2][-]{section*.21}{\376\377\000D\000i\000e\000g\000o\000\040\000d\000e\000\040\000l\000a\000\040\000V\000e\000g\000a\000\040\000-\000\040\000L\000a\000\040\000m\000a\000g\000l\000i\000a\000\040\000d\000e\000l\000l\000a\000\040\000s\000a\000l\000u\000t\000e}{section*.18}% 18
\BOOKMARK [2][-]{section*.22}{\376\377\000E\000l\000i\000s\000a\000\040\000P\000e\000z\000z\000a\000n\000a\000\040\000-\000\040\000C\000o\000l\000a\000z\000i\000o\000n\000e\000\040\000d\000a\000\040\000T\000i\000f\000f\000a\000n\000y}{section*.18}% 19
\BOOKMARK [2][-]{section*.23}{\376\377\000G\000i\000o\000r\000g\000i\000a\000\040\000M\000o\000r\000o\000\040\000-\000\040\000T\000u\000t\000t\000o\000\040\000b\000e\000n\000e\000\040\000q\000u\000e\000l\000\040\000c\000h\000e\000\040\000f\000i\000n\000i\000s\000c\000e\000\040\000b\000e\000n\000e}{section*.18}% 20
\BOOKMARK [1][-]{section*.24}{\376\377\000P\000e\000r\000s\000o\000n\000a\000s}{chapter.4}% 21
\BOOKMARK [2][-]{section*.25}{\376\377\000P\000r\000o\000t\000a\000g\000o\000n\000i\000s\000t\000a}{section*.24}% 22
\BOOKMARK [2][-]{section*.27}{\376\377\000P\000e\000r\000s\000o\000n\000a\000g\000g\000i\000\040\000s\000e\000c\000o\000n\000d\000a\000r\000i}{section*.24}% 23
\BOOKMARK [0][-]{chapter.5}{\376\377\000P\000r\000o\000p\000o\000s\000t\000a\000\040\000d\000i\000\040\000p\000r\000o\000g\000e\000t\000t\000a\000z\000i\000o\000n\000e}{}% 24
\BOOKMARK [1][-]{section*.32}{\376\377\000A\000r\000c\000h\000i\000t\000e\000t\000t\000u\000r\000a\000\040\000d\000e\000l\000l\000'\000i\000n\000f\000o\000r\000m\000a\000z\000i\000o\000n\000e}{chapter.5}% 25
\BOOKMARK [1][-]{section*.33}{\376\377\000M\000o\000d\000e\000l\000l\000o\000\040\000C\000A\000O\000=\000S}{chapter.5}% 26
\BOOKMARK [2][-]{section*.34}{\376\377\000C\000o\000n\000c\000e\000t\000t\000i}{section*.33}% 27
\BOOKMARK [2][-]{section*.35}{\376\377\000A\000t\000t\000o\000r\000i}{section*.33}% 28
\BOOKMARK [2][-]{section*.41}{\376\377\000O\000p\000e\000r\000a\000z\000i\000o\000n\000i}{section*.33}% 29
\BOOKMARK [2][-]{section*.46}{\376\377\000S\000t\000r\000u\000t\000t\000u\000r\000e}{section*.33}% 30
\BOOKMARK [1][-]{section*.47}{\376\377\000P\000r\000o\000g\000e\000t\000t\000a\000z\000i\000o\000n\000e\000\040\000d\000e\000l\000l\000'\000i\000n\000t\000e\000r\000a\000z\000i\000o\000n\000e}{chapter.5}% 31
\BOOKMARK [1][-]{section*.48}{\376\377\000B\000l\000u\000e\000p\000r\000i\000n\000t\000s}{chapter.5}% 32
\BOOKMARK [1][-]{section*.49}{\376\377\000W\000i\000r\000e\000f\000r\000a\000m\000e\000s}{chapter.5}% 33
\BOOKMARK [2][-]{section*.50}{\376\377\000H\000o\000m\000e}{section*.49}% 34
\BOOKMARK [2][-]{section*.51}{\376\377\000C\000r\000e\000a\000z\000i\000o\000n\000e\000\040\000m\000o\000d\000e\000l\000l\000o}{section*.49}% 35
\BOOKMARK [2][-]{section*.52}{\376\377\000C\000a\000t\000a\000l\000o\000g\000o}{section*.49}% 36
\BOOKMARK [2][-]{section*.53}{\376\377\000P\000i\000\371\000\040\000v\000o\000t\000a\000t\000i}{section*.49}% 37
\BOOKMARK [2][-]{section*.54}{\376\377\000P\000r\000o\000g\000e\000t\000t\000i\000\040\000p\000e\000r\000s\000o\000n\000a\000l\000i}{section*.49}% 38
\BOOKMARK [0][-]{chapter.6}{\376\377\000V\000a\000l\000u\000t\000a\000z\000i\000o\000n\000e\000\040\000d\000e\000l\000l\000a\000\040\000p\000r\000o\000g\000e\000t\000t\000a\000z\000i\000o\000n\000e}{}% 39
\BOOKMARK [1][-]{section*.55}{\376\377\000I\000s\000p\000e\000z\000i\000o\000n\000e\000\040\000E\000R\000R}{chapter.6}% 40
\BOOKMARK [2][-]{section*.56}{\376\377\000A\000n\000a\000l\000i\000s\000i\000\040\000d\000i\000r\000e\000t\000t\000a}{section*.55}% 41
\BOOKMARK [2][-]{section*.57}{\376\377\000A\000n\000a\000l\000i\000s\000i\000\040\000i\000n\000v\000e\000r\000s\000a}{section*.55}% 42
\BOOKMARK [1][-]{section*.58}{\376\377\000T\000e\000s\000t\000\040\000u\000t\000e\000n\000t\000e}{chapter.6}% 43
\BOOKMARK [2][-]{section*.59}{\376\377\000P\000r\000o\000t\000o\000c\000o\000l\000l\000o\000\040\000d\000i\000\040\000t\000e\000s\000t\000i\000n\000g}{section*.58}% 44
\BOOKMARK [2][-]{section*.60}{\376\377\000T\000a\000s\000k\000\040\000c\000o\000n\000s\000i\000d\000e\000r\000a\000t\000i}{section*.58}% 45
\BOOKMARK [0][-]{chapter.7}{\376\377\000C\000o\000n\000c\000l\000u\000s\000i\000o\000n\000e}{}% 46
\BOOKMARK [0][-]{chapter.8}{\376\377\000L\000i\000c\000e\000n\000z\000a}{}% 47
